<?xml version="1.0" encoding="UTF-8"?>
<!-- Generated by org.testng.reporters.JUnitXMLReporter -->
<testsuite ignored="0" hostname="DESKTOP-5GV2KT2" failures="0" tests="3" name="Command line test" time="18.321" errors="0" timestamp="2022-03-08T12:02:40 EET">
  <testcase classname="com.nana.devops.jenkins.jenkinsClassTest" name="addTest" time="0.027"/>
  <testcase classname="com.nana.devops.jenkins.jenkinsClassTest" name="subTest" time="0.0"/>
  <testcase classname="com.nana.devops.jenkins.SeleniumTest" name="YoutubeSearch" time="18.219"/>
</testsuite> <!-- Command line test -->
