<?xml version="1.0" encoding="UTF-8"?>
<testng-results ignored="0" total="3" passed="3" failed="0" skipped="0">
  <reporter-output>
  </reporter-output>
  <suite started-at="2022-03-08T12:02:21 EET" name="Command line suite" finished-at="2022-03-08T12:02:40 EET" duration-ms="18321">
    <groups>
    </groups>
    <test started-at="2022-03-08T12:02:21 EET" name="Command line test" finished-at="2022-03-08T12:02:40 EET" duration-ms="18321">
      <class name="com.nana.devops.jenkins.SeleniumTest">
        <test-method signature="YoutubeSearch()[pri:0, instance:com.nana.devops.jenkins.SeleniumTest@2dd80673]" started-at="2022-03-08T12:02:21 EET" name="YoutubeSearch" finished-at="2022-03-08T12:02:40 EET" duration-ms="18219" status="PASS">
          <reporter-output>
          </reporter-output>
        </test-method> <!-- YoutubeSearch -->
      </class> <!-- com.nana.devops.jenkins.SeleniumTest -->
      <class name="com.nana.devops.jenkins.jenkinsClassTest">
        <test-method signature="addTest()[pri:0, instance:com.nana.devops.jenkins.jenkinsClassTest@18920cc]" started-at="2022-03-08T12:02:21 EET" name="addTest" finished-at="2022-03-08T12:02:21 EET" duration-ms="27" status="PASS">
          <reporter-output>
          </reporter-output>
        </test-method> <!-- addTest -->
        <test-method signature="subTest()[pri:0, instance:com.nana.devops.jenkins.jenkinsClassTest@18920cc]" started-at="2022-03-08T12:02:21 EET" name="subTest" finished-at="2022-03-08T12:02:21 EET" duration-ms="0" status="PASS">
          <reporter-output>
          </reporter-output>
        </test-method> <!-- subTest -->
      </class> <!-- com.nana.devops.jenkins.jenkinsClassTest -->
    </test> <!-- Command line test -->
  </suite> <!-- Command line suite -->
</testng-results>
